# JRE version: OpenJDK Runtime Environment (11.0.12+7) (build 11.0.12+7-b1504.28-7817840)
# Java VM: OpenJDK 64-Bit Server VM (11.0.12+7-b1504.28-7817840, mixed mode, tiered, compressed oops, g1 gc, windows-amd64)
Heap:
 garbage-first heap   total 0K, used 184824K [0x0000000080000000, 0x0000000100000000)
  region size 0K, 74 young (0K), 1 survivors (0K)
 Metaspace       used 126733K, capacity 131645K, committed 131992K, reserved 1163264K
  class space    used 15642K, capacity 17386K, committed 17560K, reserved 1048576K
GC Heap History (20 events):
Event: 3548.898 GC heap after
{Heap after GC invocations=118 (full 0):
 garbage-first heap   total 262144K, used 111103K [0x0000000080000000, 0x0000000100000000)
  region size 1024K, 2 young (2048K), 2 survivors (2048K)
 Metaspace       used 126577K, capacity 131516K, committed 131992K, reserved 1163264K
  class space    used 15641K, capacity 17386K, committed 17560K, reserved 1048576K
}
Event: 3548.922 GC heap before
{Heap before GC invocations=118 (full 0):
 garbage-first heap   total 262144K, used 118271K [0x0000000080000000, 0x0000000100000000)
  region size 1024K, 11 young (11264K), 2 survivors (2048K)
 Metaspace       used 126582K, capacity 131516K, committed 131992K, reserved 1163264K
  class space    used 15641K, capacity 17386K, committed 17560K, reserved 1048576K
}
Event: 3548.924 GC heap after
{Heap after GC invocations=119 (full 0):
 garbage-first heap   total 262144K, used 111180K [0x0000000080000000, 0x0000000100000000)
  region size 1024K, 2 young (2048K), 2 survivors (2048K)
 Metaspace       used 126582K, capacity 131516K, committed 131992K, reserved 1163264K
  class space    used 15641K, capacity 17386K, committed 17560K, reserved 1048576K
}
Event: 3562.706 GC heap before
{Heap before GC invocations=120 (full 0):
 garbage-first heap   total 262144K, used 148044K [0x0000000080000000, 0x0000000100000000)
  region size 1024K, 25 young (25600K), 2 survivors (2048K)
 Metaspace       used 126610K, capacity 131516K, committed 131992K, reserved 1163264K
  class space    used 15641K, capacity 17386K, committed 17560K, reserved 1048576K
}
Event: 3562.708 GC heap after
{Heap after GC invocations=121 (full 0):
 garbage-first heap   total 262144K, used 112178K [0x0000000080000000, 0x0000000100000000)
  region size 1024K, 3 young (3072K), 3 survivors (3072K)
 Metaspace       used 126610K, capacity 131516K, committed 131992K, reserved 1163264K
  class space    used 15641K, capacity 17386K, committed 17560K, reserved 1048576K
}
Event: 3562.739 GC heap before
{Heap before GC invocations=121 (full 0):
 garbage-first heap   total 262144K, used 121394K [0x0000000080000000, 0x0000000100000000)
  region size 1024K, 12 young (12288K), 3 survivors (3072K)
 Metaspace       used 126612K, capacity 131516K, committed 131992K, reserved 1163264K
  class space    used 15641K, capacity 17386K, committed 17560K, reserved 1048576K
}
Event: 3562.743 GC heap after
{Heap after GC invocations=122 (full 0):
 garbage-first heap   total 262144K, used 112831K [0x0000000080000000, 0x0000000100000000)
  region size 1024K, 2 young (2048K), 2 survivors (2048K)
 Metaspace       used 126612K, capacity 131516K, committed 131992K, reserved 1163264K
  class space    used 15641K, capacity 17386K, committed 17560K, reserved 1048576K
}
Event: 3562.837 GC heap before
{Heap before GC invocations=122 (full 0):
 garbage-first heap   total 262144K, used 140479K [0x0000000080000000, 0x0000000100000000)
  region size 1024K, 30 young (30720K), 2 survivors (2048K)
 Metaspace       used 126622K, capacity 131580K, committed 131992K, reserved 1163264K
  class space    used 15641K, capacity 17386K, committed 17560K, reserved 1048576K
}
Event: 3562.847 GC heap after
{Heap after GC invocations=123 (full 0):
 garbage-first heap   total 262144K, used 115916K [0x0000000080000000, 0x0000000100000000)
  region size 1024K, 4 young (4096K), 4 survivors (4096K)
 Metaspace       used 126622K, capacity 131580K, committed 131992K, reserved 1163264K
  class space    used 15641K, capacity 17386K, committed 17560K, reserved 1048576K
}
Event: 3563.089 GC heap before
{Heap before GC invocations=124 (full 0):
 garbage-first heap   total 262144K, used 148684K [0x0000000080000000, 0x0000000100000000)
  region size 1024K, 37 young (37888K), 4 survivors (4096K)
 Metaspace       used 126623K, capacity 131580K, committed 131992K, reserved 1163264K
  class space    used 15641K, capacity 17386K, committed 17560K, reserved 1048576K
}
Event: 3563.093 GC heap after
{Heap after GC invocations=125 (full 0):
 garbage-first heap   total 262144K, used 117935K [0x0000000080000000, 0x0000000100000000)
  region size 1024K, 5 young (5120K), 5 survivors (5120K)
 Metaspace       used 126623K, capacity 131580K, committed 131992K, reserved 1163264K
  class space    used 15641K, capacity 17386K, committed 17560K, reserved 1048576K
}
Event: 3563.576 GC heap before
{Heap before GC invocations=125 (full 0):
 garbage-first heap   total 262144K, used 124079K [0x0000000080000000, 0x0000000100000000)
  region size 1024K, 12 young (12288K), 5 survivors (5120K)
 Metaspace       used 126623K, capacity 131580K, committed 131992K, reserved 1163264K
  class space    used 15641K, capacity 17386K, committed 17560K, reserved 1048576K
}
Event: 3563.580 GC heap after
{Heap after GC invocations=126 (full 0):
 garbage-first heap   total 262144K, used 110712K [0x0000000080000000, 0x0000000100000000)
  region size 1024K, 2 young (2048K), 2 survivors (2048K)
 Metaspace       used 126623K, capacity 131580K, committed 131992K, reserved 1163264K
  class space    used 15641K, capacity 17386K, committed 17560K, reserved 1048576K
}
Event: 3564.764 GC heap before
{Heap before GC invocations=126 (full 0):
 garbage-first heap   total 262144K, used 155768K [0x0000000080000000, 0x0000000100000000)
  region size 1024K, 47 young (48128K), 2 survivors (2048K)
 Metaspace       used 126652K, capacity 131581K, committed 131992K, reserved 1163264K
  class space    used 15641K, capacity 17386K, committed 17560K, reserved 1048576K
}
Event: 3564.769 GC heap after
{Heap after GC invocations=127 (full 0):
 garbage-first heap   total 262144K, used 111789K [0x0000000080000000, 0x0000000100000000)
  region size 1024K, 3 young (3072K), 3 survivors (3072K)
 Metaspace       used 126652K, capacity 131581K, committed 131992K, reserved 1163264K
  class space    used 15641K, capacity 17386K, committed 17560K, reserved 1048576K
}
Event: 4771.910 GC heap before
{Heap before GC invocations=128 (full 0):
 garbage-first heap   total 262144K, used 180397K [0x0000000080000000, 0x0000000100000000)
  region size 1024K, 57 young (58368K), 3 survivors (3072K)
 Metaspace       used 126684K, capacity 131645K, committed 131992K, reserved 1163264K
  class space    used 15642K, capacity 17386K, committed 17560K, reserved 1048576K
}
Event: 4771.912 GC heap after
{Heap after GC invocations=129 (full 0):
 garbage-first heap   total 262144K, used 110776K [0x0000000080000000, 0x0000000100000000)
  region size 1024K, 2 young (2048K), 2 survivors (2048K)
 Metaspace       used 126684K, capacity 131645K, committed 131992K, reserved 1163264K
  class space    used 15642K, capacity 17386K, committed 17560K, reserved 1048576K
}
Event: 5331.447 GC heap before
{Heap before GC invocations=129 (full 0):
 garbage-first heap   total 262144K, used 121016K [0x0000000080000000, 0x0000000100000000)
  region size 1024K, 12 young (12288K), 2 survivors (2048K)
 Metaspace       used 126698K, capacity 131645K, committed 131992K, reserved 1163264K
  class space    used 15642K, capacity 17386K, committed 17560K, reserved 1048576K
}
Event: 5331.450 GC heap after
{Heap after GC invocations=130 (full 0):
 garbage-first heap   total 262144K, used 110072K [0x0000000080000000, 0x0000000100000000)
  region size 1024K, 1 young (1024K), 1 survivors (1024K)
 Metaspace       used 126698K, capacity 131645K, committed 131992K, reserved 1163264K
  class space    used 15642K, capacity 17386K, committed 17560K, reserved 1048576K
}
Event: 7320.202 GC heap before
{Heap before GC invocations=130 (full 0):
 garbage-first heap   total 0K, used 183800K [0x0000000080000000, 0x0000000100000000)
  region size 0K, 74 young (0K), 1 survivors (0K)
 Metaspace       used 126733K, capacity 131645K, committed 131992K, reserved 1163264K
  class space    used 15642K, capacity 17386K, committed 17560K, reserved 1048576K
}

